{"numFailedTestSuites":0,"numFailedTests":0,"numPassedTestSuites":2,"numPassedTests":3,"numPendingTestSuites":0,"numPendingTests":0,"numRuntimeErrorTestSuites":0,"numTodoTests":0,"numTotalTestSuites":2,"numTotalTests":3,"openHandles":[],"snapshot":{"added":0,"didUpdate":false,"failure":false,"filesAdded":0,"filesRemoved":0,"filesRemovedList":[],"filesUnmatched":0,"filesUpdated":0,"matched":0,"total":0,"unchecked":0,"uncheckedKeysByFile":[],"unmatched":0,"updated":0},"startTime":1732307489067,"success":true,"testResults":[{"assertionResults":[{"ancestorTitles":["sample ui test"],"duration":8,"failureDetails":[],"failureMessages":[],"fullName":"sample ui test pass","invocations":1,"location":null,"numPassingAsserts":1,"retryReasons":[],"status":"passed","title":"pass"}],"endTime":1732307491907,"message":"","name":"E:\\Incubyte_Assignment\\incubyte-tdd-kata\\src\\modules.tests\\userInterface.test.tsx","startTime":1732307489575,"status":"passed","summary":""},{"assertionResults":[{"ancestorTitles":["String Calculator"],"duration":7,"failureDetails":[],"failureMessages":[],"fullName":"String Calculator should return 0 for an empty string","invocations":1,"location":null,"numPassingAsserts":1,"retryReasons":[],"status":"passed","title":"should return 0 for an empty string"},{"ancestorTitles":["String Calculator"],"duration":0,"failureDetails":[],"failureMessages":[],"fullName":"String Calculator should return the number itself if only one number is provided","invocations":1,"location":null,"numPassingAsserts":1,"retryReasons":[],"status":"passed","title":"should return the number itself if only one number is provided"}],"endTime":1732307492715,"message":"","name":"E:\\Incubyte_Assignment\\incubyte-tdd-kata\\src\\modules.tests\\utilsFunctionality.test.tsx","startTime":1732307489578,"status":"passed","summary":""}],"wasInterrupted":false}
