{"numFailedTestSuites":0,"numFailedTests":0,"numPassedTestSuites":2,"numPassedTests":7,"numPendingTestSuites":0,"numPendingTests":0,"numRuntimeErrorTestSuites":0,"numTodoTests":0,"numTotalTestSuites":2,"numTotalTests":7,"openHandles":[],"snapshot":{"added":0,"didUpdate":false,"failure":false,"filesAdded":0,"filesRemoved":0,"filesRemovedList":[],"filesUnmatched":0,"filesUpdated":0,"matched":0,"total":0,"unchecked":0,"uncheckedKeysByFile":[],"unmatched":0,"updated":0},"startTime":1732308632127,"success":true,"testResults":[{"assertionResults":[{"ancestorTitles":["sample ui test"],"duration":8,"failureDetails":[],"failureMessages":[],"fullName":"sample ui test pass","invocations":1,"location":null,"numPassingAsserts":1,"retryReasons":[],"status":"passed","title":"pass"}],"endTime":1732308634973,"message":"","name":"E:\\Incubyte_Assignment\\incubyte-tdd-kata\\src\\modules.tests\\userInterface.test.tsx","startTime":1732308632635,"status":"passed","summary":""},{"assertionResults":[{"ancestorTitles":["String Calculator"],"duration":6,"failureDetails":[],"failureMessages":[],"fullName":"String Calculator should return 0 for an empty string","invocations":1,"location":null,"numPassingAsserts":1,"retryReasons":[],"status":"passed","title":"should return 0 for an empty string"},{"ancestorTitles":["String Calculator"],"duration":17,"failureDetails":[],"failureMessages":[],"fullName":"String Calculator should return the number itself if only one number is provided","invocations":1,"location":null,"numPassingAsserts":1,"retryReasons":[],"status":"passed","title":"should return the number itself if only one number is provided"},{"ancestorTitles":["String Calculator"],"duration":1,"failureDetails":[],"failureMessages":[],"fullName":"String Calculator should return the sum of two comma-separated numbers","invocations":1,"location":null,"numPassingAsserts":1,"retryReasons":[],"status":"passed","title":"should return the sum of two comma-separated numbers"},{"ancestorTitles":["String Calculator"],"duration":1,"failureDetails":[],"failureMessages":[],"fullName":"String Calculator should return the sum of more than two comma-separated numbers","invocations":1,"location":null,"numPassingAsserts":1,"retryReasons":[],"status":"passed","title":"should return the sum of more than two comma-separated numbers"},{"ancestorTitles":["String Calculator"],"duration":0,"failureDetails":[],"failureMessages":[],"fullName":"String Calculator should handle newlines as delimiters","invocations":1,"location":null,"numPassingAsserts":1,"retryReasons":[],"status":"passed","title":"should handle newlines as delimiters"},{"ancestorTitles":["String Calculator"],"duration":1,"failureDetails":[],"failureMessages":[],"fullName":"String Calculator should handle custom delimiters","invocations":1,"location":null,"numPassingAsserts":1,"retryReasons":[],"status":"passed","title":"should handle custom delimiters"}],"endTime":1732308635805,"message":"","name":"E:\\Incubyte_Assignment\\incubyte-tdd-kata\\src\\modules.tests\\utilsFunctionality.test.tsx","startTime":1732308632635,"status":"passed","summary":""}],"wasInterrupted":false}
